2021-03-30 19:39:56.730 - INFO - 4659 - azureml.train.automl.run._log_activity:55 - ActivityStarted: GetOutput
2021-03-30 19:39:56.748 - INFO - 4659 - azureml.train.automl.run._log_activity:55 - ActivityStarted: GetOutput
2021-03-30 19:39:56.752 - INFO - 4659 - azureml.train.automl.run._log_activity:55 - ActivityStarted: GetChildren
2021-03-30 19:39:56.935 - INFO - 4659 - azureml.train.automl.run._log_activity:89 - ActivityCompleted: Activity=GetChildren, HowEnded=Success, Duration=182.7[ms]
2021-03-30 19:39:57.005 - INFO - 4659 - azureml.train.automl.run._log_activity:89 - ActivityCompleted: Activity=GetOutput, HowEnded=Success, Duration=257.6[ms]
2021-03-30 19:39:57.006 - INFO - 4659 - azureml.train.automl._model_download_utilities._log_activity:55 - ActivityStarted: DownloadModel
2021-03-30 19:40:01.047 - CRITICAL - 4659 - azureml.train.automl._model_download_utilities.log_traceback:224 - Type: Unclassified
Class: ModuleNotFoundError
Message: No module named 'azureml.train.automl.runtime'
Traceback:
  File "_model_download_utilities.py", line 174, in _load_automl_model
    import azureml.train.automl.runtime

ExceptionTarget: Unspecified
2021-03-30 19:40:01.058 - WARNING - 4659 - azureml.train.automl._model_download_utilities._download_automl_model:101 - The model you attempted to retrieve requires 'azureml-train-automl-runtime' to be installed at '==1.24.0'. Please install 'azureml-train-automl-runtime==1.24.0' (e.g. `pip install azureml-train-automl-runtime==1.24.0`) and then rerun the previous command.
2021-03-30 19:40:01.077 - INFO - 4659 - azureml.train.automl._model_download_utilities._log_activity:89 - ActivityCompleted: Activity=DownloadModel, HowEnded=Success, Duration=4071.17[ms]
2021-03-30 19:40:01.077 - INFO - 4659 - azureml.train.automl.run._log_activity:89 - ActivityCompleted: Activity=GetOutput, HowEnded=Success, Duration=4347.34[ms]
2021-04-03 11:30:51.111 - INFO - 6304 - azureml.train.automl.run._log_activity:55 - ActivityStarted: GetOutput
2021-04-03 11:30:51.117 - INFO - 6304 - azureml.train.automl.run._log_activity:55 - ActivityStarted: GetOutput
2021-04-03 11:30:51.133 - INFO - 6304 - azureml.train.automl.run._log_activity:55 - ActivityStarted: GetChildren
2021-04-03 11:30:51.317 - INFO - 6304 - azureml.train.automl.run._log_activity:89 - ActivityCompleted: Activity=GetChildren, HowEnded=Success, Duration=184.38[ms]
2021-04-03 11:30:51.381 - INFO - 6304 - azureml.train.automl.run._log_activity:89 - ActivityCompleted: Activity=GetOutput, HowEnded=Success, Duration=264.38[ms]
2021-04-03 11:30:51.381 - INFO - 6304 - azureml.train.automl._model_download_utilities._log_activity:55 - ActivityStarted: DownloadModel
2021-04-03 11:30:54.269 - CRITICAL - 6304 - azureml.train.automl._model_download_utilities.log_traceback:224 - Type: Unclassified
Class: ModuleNotFoundError
Message: No module named 'azureml.train.automl.runtime'
Traceback:
  File "_model_download_utilities.py", line 174, in _load_automl_model
    import azureml.train.automl.runtime

ExceptionTarget: Unspecified
2021-04-03 11:30:54.271 - WARNING - 6304 - azureml.train.automl._model_download_utilities._download_automl_model:101 - The model you attempted to retrieve requires 'azureml-train-automl-runtime' to be installed at '==1.24.0'. Please install 'azureml-train-automl-runtime==1.24.0' (e.g. `pip install azureml-train-automl-runtime==1.24.0`) and then rerun the previous command.
2021-04-03 11:30:54.303 - INFO - 6304 - azureml.train.automl._model_download_utilities._log_activity:89 - ActivityCompleted: Activity=DownloadModel, HowEnded=Success, Duration=2921.28[ms]
2021-04-03 11:30:54.303 - INFO - 6304 - azureml.train.automl.run._log_activity:89 - ActivityCompleted: Activity=GetOutput, HowEnded=Success, Duration=3191.51[ms]
