2021-04-04 18:22:23.466 - INFO - 4275 - azureml.train.automl._experiment_drivers.driver_utilities.modify_run_configuration:199 - Package azureml-train-automl missing from dependencies file.
2021-04-04 18:22:23.466 - INFO - 4275 - azureml.train.automl._experiment_drivers.driver_utilities.modify_run_configuration:205 - Using pinned version: azureml-train-automl==1.24.0.*
2021-04-04 18:22:23.467 - INFO - 4275 - azureml.train.automl._experiment_drivers.driver_utilities.modify_run_configuration:199 - Package pandas missing from dependencies file.
2021-04-04 18:22:23.467 - INFO - 4275 - azureml.train.automl._experiment_drivers.driver_utilities.modify_run_configuration:205 - Using pinned version: pandas==0.25.1
2021-04-04 18:22:23.467 - INFO - 4275 - azureml.train.automl._experiment_drivers.driver_utilities.modify_run_configuration:199 - Package psutil missing from dependencies file.
2021-04-04 18:22:23.468 - INFO - 4275 - azureml.train.automl._experiment_drivers.driver_utilities.modify_run_configuration:205 - Using pinned version: psutil>5.0.0,<6.0.0
2021-04-04 18:22:23.468 - INFO - 4275 - azureml.train.automl._experiment_drivers.driver_utilities.modify_run_configuration:199 - Package scikit-learn missing from dependencies file.
2021-04-04 18:22:23.468 - INFO - 4275 - azureml.train.automl._experiment_drivers.driver_utilities.modify_run_configuration:205 - Using pinned version: scikit-learn==0.22.1
2021-04-04 18:22:23.468 - INFO - 4275 - azureml.train.automl._experiment_drivers.driver_utilities.modify_run_configuration:199 - Package numpy missing from dependencies file.
2021-04-04 18:22:23.469 - INFO - 4275 - azureml.train.automl._experiment_drivers.driver_utilities.modify_run_configuration:205 - Using pinned version: numpy~=1.18.0
2021-04-04 18:22:23.469 - INFO - 4275 - azureml.train.automl._experiment_drivers.driver_utilities.modify_run_configuration:199 - Package py-xgboost missing from dependencies file.
2021-04-04 18:22:23.469 - INFO - 4275 - azureml.train.automl._experiment_drivers.driver_utilities.modify_run_configuration:205 - Using pinned version: py-xgboost<=0.90
2021-04-04 18:22:23.470 - INFO - 4275 - azureml.train.automl._experiment_drivers.driver_utilities.modify_run_configuration:199 - Package inference-schema missing from dependencies file.
2021-04-04 18:22:23.470 - INFO - 4275 - azureml.train.automl._experiment_drivers.driver_utilities.modify_run_configuration:199 - Package fbprophet missing from dependencies file.
2021-04-04 18:22:23.470 - INFO - 4275 - azureml.train.automl._experiment_drivers.driver_utilities.modify_run_configuration:205 - Using pinned version: fbprophet==0.5
2021-04-04 18:22:23.470 - INFO - 4275 - azureml.train.automl._experiment_drivers.driver_utilities.modify_run_configuration:199 - Package setuptools-git missing from dependencies file.
2021-04-04 18:22:23.471 - INFO - 4275 - azureml.train.automl._experiment_drivers.driver_utilities.modify_run_configuration:209 - Using installed version: setuptools-git==1.2
2021-04-04 18:22:23.477 - INFO - 4275 - azureml.train.automl._experiment_drivers.driver_utilities.validate_input:105 - Start data validation.
2021-04-04 18:22:25.131 - INFO - 4275 - azureml.train.automl._experiment_drivers.driver_utilities.validate_input:118 - Validation service found the data has no errors.
2021-04-04 18:22:25.131 - INFO - 4275 - azureml.train.automl._experiment_drivers.driver_utilities._create_remote_parent_run:371 - Start creating parent run.
2021-04-04 18:22:25.749 - INFO - 4275 - azureml.train.automl._experiment_drivers.driver_utilities._create_remote_parent_run:391 - [ParentRunID:AutoML_4b35e636-39de-4f43-a5a1-8631d7dd0fcc] Remote run using input X and y.
2021-04-04 18:22:26.035 - INFO - 4275 - azureml.train.automl._experiment_drivers.driver_utilities._create_remote_parent_run:411 - Parent Run ID: AutoML_4b35e636-39de-4f43-a5a1-8631d7dd0fcc
2021-04-04 18:22:26.036 - INFO - 4275 - azureml.train.automl._experiment_drivers.driver_utilities.start_remote_run:326 - Starting a snapshot run (snapshot_id : None)
